2023-07-10 at 17:46:31 CST DEBUG org.springframework.context.support.AbstractApplicationContext 630 prepareRefresh - Refreshing org.springframework.context.support.ClassPathXmlApplicationContext@6b8d96d9
2023-07-10 at 17:46:31 CST DEBUG org.springframework.beans.factory.xml.XmlBeanDefinitionReader 393 doLoadBeanDefinitions - Loaded 1 bean definitions from class path resource [bean.xml]
2023-07-10 at 17:46:31 CST DEBUG org.springframework.beans.factory.support.DefaultSingletonBeanRegistry 225 getSingleton - Creating shared instance of singleton bean 'user'
2023-07-10 at 17:50:40 CST INFO  com.DEAiFISH.LoggerTest 14 test - loggerTest
2023-07-10 at 17:50:51 CST INFO  com.DEAiFISH.LoggerTest 14 test - ### loggerTest
2023-07-11 at 13:45:44 CST INFO  com.DEAiFISH.LoggerTest 14 test - ### loggerTest
2023-07-11 at 13:45:49 CST DEBUG org.springframework.context.support.AbstractApplicationContext 630 prepareRefresh - Refreshing org.springframework.context.support.ClassPathXmlApplicationContext@6b8d96d9
2023-07-11 at 13:45:49 CST DEBUG org.springframework.beans.factory.xml.XmlBeanDefinitionReader 393 doLoadBeanDefinitions - Loaded 1 bean definitions from class path resource [bean.xml]
2023-07-11 at 13:45:49 CST DEBUG org.springframework.beans.factory.support.DefaultSingletonBeanRegistry 225 getSingleton - Creating shared instance of singleton bean 'user'
2023-07-11 at 14:02:38 CST DEBUG org.springframework.context.support.AbstractApplicationContext 630 prepareRefresh - Refreshing org.springframework.context.support.ClassPathXmlApplicationContext@6b8d96d9
2023-07-11 at 14:02:38 CST DEBUG org.springframework.beans.factory.xml.XmlBeanDefinitionReader 393 doLoadBeanDefinitions - Loaded 1 bean definitions from class path resource [bean.xml]
2023-07-11 at 14:02:38 CST DEBUG org.springframework.beans.factory.support.DefaultSingletonBeanRegistry 225 getSingleton - Creating shared instance of singleton bean 'user'
2023-07-11 at 14:05:48 CST DEBUG org.springframework.context.support.AbstractApplicationContext 630 prepareRefresh - Refreshing org.springframework.context.support.ClassPathXmlApplicationContext@6b8d96d9
2023-07-11 at 14:05:48 CST DEBUG org.springframework.beans.factory.xml.XmlBeanDefinitionReader 393 doLoadBeanDefinitions - Loaded 1 bean definitions from class path resource [bean.xml]
2023-07-11 at 14:05:48 CST DEBUG org.springframework.beans.factory.support.DefaultSingletonBeanRegistry 225 getSingleton - Creating shared instance of singleton bean 'user'
2023-07-11 at 14:17:28 CST DEBUG org.springframework.context.support.AbstractApplicationContext 630 prepareRefresh - Refreshing org.springframework.context.support.ClassPathXmlApplicationContext@69653e16
2023-07-11 at 14:17:28 CST DEBUG org.springframework.beans.factory.xml.XmlBeanDefinitionReader 393 doLoadBeanDefinitions - Loaded 3 bean definitions from class path resource [bean.xml]
2023-07-11 at 14:17:28 CST DEBUG org.springframework.beans.factory.support.DefaultSingletonBeanRegistry 225 getSingleton - Creating shared instance of singleton bean 'user'
2023-07-11 at 14:17:28 CST DEBUG org.springframework.beans.factory.support.DefaultSingletonBeanRegistry 225 getSingleton - Creating shared instance of singleton bean 'user1'
2023-07-11 at 14:17:28 CST DEBUG org.springframework.beans.factory.support.DefaultSingletonBeanRegistry 225 getSingleton - Creating shared instance of singleton bean 'userDaoImpl'
2023-07-11 at 14:17:38 CST DEBUG org.springframework.context.support.AbstractApplicationContext 630 prepareRefresh - Refreshing org.springframework.context.support.ClassPathXmlApplicationContext@69653e16
2023-07-11 at 14:17:38 CST DEBUG org.springframework.beans.factory.xml.XmlBeanDefinitionReader 393 doLoadBeanDefinitions - Loaded 3 bean definitions from class path resource [bean.xml]
2023-07-11 at 14:17:38 CST DEBUG org.springframework.beans.factory.support.DefaultSingletonBeanRegistry 225 getSingleton - Creating shared instance of singleton bean 'user'
2023-07-11 at 14:17:38 CST DEBUG org.springframework.beans.factory.support.DefaultSingletonBeanRegistry 225 getSingleton - Creating shared instance of singleton bean 'user1'
2023-07-11 at 14:17:38 CST DEBUG org.springframework.beans.factory.support.DefaultSingletonBeanRegistry 225 getSingleton - Creating shared instance of singleton bean 'userDaoImpl'
2023-07-11 at 14:18:35 CST DEBUG org.springframework.context.support.AbstractApplicationContext 630 prepareRefresh - Refreshing org.springframework.context.support.ClassPathXmlApplicationContext@69653e16
2023-07-11 at 14:18:35 CST DEBUG org.springframework.beans.factory.xml.XmlBeanDefinitionReader 393 doLoadBeanDefinitions - Loaded 2 bean definitions from class path resource [bean.xml]
2023-07-11 at 14:18:35 CST DEBUG org.springframework.beans.factory.support.DefaultSingletonBeanRegistry 225 getSingleton - Creating shared instance of singleton bean 'user'
2023-07-11 at 14:18:35 CST DEBUG org.springframework.beans.factory.support.DefaultSingletonBeanRegistry 225 getSingleton - Creating shared instance of singleton bean 'userDaoImpl'
2023-07-11 at 14:41:23 CST DEBUG org.springframework.context.support.AbstractApplicationContext 630 prepareRefresh - Refreshing org.springframework.context.support.ClassPathXmlApplicationContext@758705fa
2023-07-11 at 14:41:23 CST DEBUG org.springframework.beans.factory.xml.XmlBeanDefinitionReader 393 doLoadBeanDefinitions - Loaded 1 bean definitions from class path resource [bean-di.xml]
2023-07-11 at 14:41:23 CST DEBUG org.springframework.beans.factory.support.DefaultSingletonBeanRegistry 225 getSingleton - Creating shared instance of singleton bean 'book'
2023-07-11 at 14:45:26 CST DEBUG org.springframework.context.support.AbstractApplicationContext 630 prepareRefresh - Refreshing org.springframework.context.support.ClassPathXmlApplicationContext@ebaa6cb
2023-07-11 at 14:45:26 CST DEBUG org.springframework.beans.factory.xml.XmlBeanDefinitionReader 393 doLoadBeanDefinitions - Loaded 2 bean definitions from class path resource [bean-di.xml]
2023-07-11 at 14:45:26 CST DEBUG org.springframework.beans.factory.support.DefaultSingletonBeanRegistry 225 getSingleton - Creating shared instance of singleton bean 'book'
2023-07-11 at 14:45:26 CST DEBUG org.springframework.beans.factory.support.DefaultSingletonBeanRegistry 225 getSingleton - Creating shared instance of singleton bean 'bookCon'
2023-07-11 at 14:45:26 CST WARN  org.springframework.core.LocalVariableTableParameterNameDiscoverer 123 inspectClass - Using deprecated '-debug' fallback for parameter name resolution. Compile the affected code with '-parameters' instead or avoid its introspection: com.DEAiFISH.di.Book
2023-07-11 at 14:45:42 CST DEBUG org.springframework.context.support.AbstractApplicationContext 630 prepareRefresh - Refreshing org.springframework.context.support.ClassPathXmlApplicationContext@ebaa6cb
2023-07-11 at 14:45:42 CST DEBUG org.springframework.beans.factory.xml.XmlBeanDefinitionReader 393 doLoadBeanDefinitions - Loaded 2 bean definitions from class path resource [bean-di.xml]
2023-07-11 at 14:45:42 CST DEBUG org.springframework.beans.factory.support.DefaultSingletonBeanRegistry 225 getSingleton - Creating shared instance of singleton bean 'book'
2023-07-11 at 14:45:42 CST DEBUG org.springframework.beans.factory.support.DefaultSingletonBeanRegistry 225 getSingleton - Creating shared instance of singleton bean 'bookCon'
2023-07-11 at 14:45:42 CST WARN  org.springframework.core.LocalVariableTableParameterNameDiscoverer 123 inspectClass - Using deprecated '-debug' fallback for parameter name resolution. Compile the affected code with '-parameters' instead or avoid its introspection: com.DEAiFISH.di.Book
2023-07-11 at 14:46:22 CST DEBUG org.springframework.context.support.AbstractApplicationContext 630 prepareRefresh - Refreshing org.springframework.context.support.ClassPathXmlApplicationContext@ebaa6cb
2023-07-11 at 14:46:23 CST DEBUG org.springframework.beans.factory.xml.XmlBeanDefinitionReader 393 doLoadBeanDefinitions - Loaded 2 bean definitions from class path resource [bean-di.xml]
2023-07-11 at 14:46:23 CST DEBUG org.springframework.beans.factory.support.DefaultSingletonBeanRegistry 225 getSingleton - Creating shared instance of singleton bean 'book'
2023-07-11 at 14:46:23 CST DEBUG org.springframework.beans.factory.support.DefaultSingletonBeanRegistry 225 getSingleton - Creating shared instance of singleton bean 'bookCon'
2023-07-11 at 14:46:23 CST WARN  org.springframework.core.LocalVariableTableParameterNameDiscoverer 123 inspectClass - Using deprecated '-debug' fallback for parameter name resolution. Compile the affected code with '-parameters' instead or avoid its introspection: com.DEAiFISH.di.Book
2023-07-11 at 14:46:30 CST DEBUG org.springframework.context.support.AbstractApplicationContext 630 prepareRefresh - Refreshing org.springframework.context.support.ClassPathXmlApplicationContext@ebaa6cb
2023-07-11 at 14:46:30 CST DEBUG org.springframework.beans.factory.xml.XmlBeanDefinitionReader 393 doLoadBeanDefinitions - Loaded 2 bean definitions from class path resource [bean-di.xml]
2023-07-11 at 14:46:30 CST DEBUG org.springframework.beans.factory.support.DefaultSingletonBeanRegistry 225 getSingleton - Creating shared instance of singleton bean 'book'
2023-07-11 at 14:46:30 CST DEBUG org.springframework.beans.factory.support.DefaultSingletonBeanRegistry 225 getSingleton - Creating shared instance of singleton bean 'bookCon'
2023-07-11 at 14:46:30 CST WARN  org.springframework.core.LocalVariableTableParameterNameDiscoverer 123 inspectClass - Using deprecated '-debug' fallback for parameter name resolution. Compile the affected code with '-parameters' instead or avoid its introspection: com.DEAiFISH.di.Book
2023-07-11 at 14:46:37 CST DEBUG org.springframework.context.support.AbstractApplicationContext 630 prepareRefresh - Refreshing org.springframework.context.support.ClassPathXmlApplicationContext@ebaa6cb
2023-07-11 at 14:46:37 CST DEBUG org.springframework.beans.factory.xml.XmlBeanDefinitionReader 393 doLoadBeanDefinitions - Loaded 2 bean definitions from class path resource [bean-di.xml]
2023-07-11 at 14:46:37 CST DEBUG org.springframework.beans.factory.support.DefaultSingletonBeanRegistry 225 getSingleton - Creating shared instance of singleton bean 'book'
2023-07-11 at 14:46:37 CST DEBUG org.springframework.beans.factory.support.DefaultSingletonBeanRegistry 225 getSingleton - Creating shared instance of singleton bean 'bookCon'
2023-07-11 at 14:46:37 CST WARN  org.springframework.core.LocalVariableTableParameterNameDiscoverer 123 inspectClass - Using deprecated '-debug' fallback for parameter name resolution. Compile the affected code with '-parameters' instead or avoid its introspection: com.DEAiFISH.di.Book
2023-07-11 at 14:46:53 CST DEBUG org.springframework.context.support.AbstractApplicationContext 630 prepareRefresh - Refreshing org.springframework.context.support.ClassPathXmlApplicationContext@ebaa6cb
2023-07-11 at 14:46:53 CST DEBUG org.springframework.beans.factory.xml.XmlBeanDefinitionReader 393 doLoadBeanDefinitions - Loaded 1 bean definitions from class path resource [bean-di.xml]
2023-07-11 at 14:46:53 CST DEBUG org.springframework.beans.factory.support.DefaultSingletonBeanRegistry 225 getSingleton - Creating shared instance of singleton bean 'bookCon'
2023-07-11 at 14:46:53 CST WARN  org.springframework.core.LocalVariableTableParameterNameDiscoverer 123 inspectClass - Using deprecated '-debug' fallback for parameter name resolution. Compile the affected code with '-parameters' instead or avoid its introspection: com.DEAiFISH.di.Book
2023-07-11 at 15:18:14 CST DEBUG org.springframework.context.support.AbstractApplicationContext 630 prepareRefresh - Refreshing org.springframework.context.support.ClassPathXmlApplicationContext@906d29b
2023-07-11 at 15:18:14 CST DEBUG org.springframework.beans.factory.xml.XmlBeanDefinitionReader 393 doLoadBeanDefinitions - Loaded 2 bean definitions from class path resource [bean-ditest.xml]
2023-07-11 at 15:18:14 CST DEBUG org.springframework.beans.factory.support.DefaultSingletonBeanRegistry 225 getSingleton - Creating shared instance of singleton bean 'dept'
2023-07-11 at 15:18:14 CST DEBUG org.springframework.beans.factory.support.DefaultSingletonBeanRegistry 225 getSingleton - Creating shared instance of singleton bean 'emp'
2023-07-11 at 15:25:17 CST DEBUG org.springframework.context.support.AbstractApplicationContext 630 prepareRefresh - Refreshing org.springframework.context.support.ClassPathXmlApplicationContext@906d29b
2023-07-11 at 15:25:17 CST DEBUG org.springframework.beans.factory.xml.XmlBeanDefinitionReader 393 doLoadBeanDefinitions - Loaded 4 bean definitions from class path resource [bean-ditest.xml]
2023-07-11 at 15:25:17 CST DEBUG org.springframework.beans.factory.support.DefaultSingletonBeanRegistry 225 getSingleton - Creating shared instance of singleton bean 'dept'
2023-07-11 at 15:25:17 CST DEBUG org.springframework.beans.factory.support.DefaultSingletonBeanRegistry 225 getSingleton - Creating shared instance of singleton bean 'emp'
2023-07-11 at 15:25:17 CST DEBUG org.springframework.beans.factory.support.DefaultSingletonBeanRegistry 225 getSingleton - Creating shared instance of singleton bean 'dept2'
2023-07-11 at 15:25:17 CST DEBUG org.springframework.beans.factory.support.DefaultSingletonBeanRegistry 225 getSingleton - Creating shared instance of singleton bean 'emp2'
2023-07-11 at 15:30:21 CST DEBUG org.springframework.context.support.AbstractApplicationContext 630 prepareRefresh - Refreshing org.springframework.context.support.ClassPathXmlApplicationContext@906d29b
2023-07-11 at 15:30:21 CST DEBUG org.springframework.beans.factory.xml.XmlBeanDefinitionReader 393 doLoadBeanDefinitions - Loaded 6 bean definitions from class path resource [bean-ditest.xml]
2023-07-11 at 15:30:21 CST DEBUG org.springframework.beans.factory.support.DefaultSingletonBeanRegistry 225 getSingleton - Creating shared instance of singleton bean 'dept'
2023-07-11 at 15:30:21 CST DEBUG org.springframework.beans.factory.support.DefaultSingletonBeanRegistry 225 getSingleton - Creating shared instance of singleton bean 'emp'
2023-07-11 at 15:30:21 CST DEBUG org.springframework.beans.factory.support.DefaultSingletonBeanRegistry 225 getSingleton - Creating shared instance of singleton bean 'dept2'
2023-07-11 at 15:30:21 CST DEBUG org.springframework.beans.factory.support.DefaultSingletonBeanRegistry 225 getSingleton - Creating shared instance of singleton bean 'emp2'
2023-07-11 at 15:30:21 CST DEBUG org.springframework.beans.factory.support.DefaultSingletonBeanRegistry 225 getSingleton - Creating shared instance of singleton bean 'dept3'
2023-07-11 at 15:30:21 CST DEBUG org.springframework.beans.factory.support.DefaultSingletonBeanRegistry 225 getSingleton - Creating shared instance of singleton bean 'emp3'
2023-07-11 at 20:01:22 CST DEBUG org.springframework.context.support.AbstractApplicationContext 630 prepareRefresh - Refreshing org.springframework.context.support.ClassPathXmlApplicationContext@906d29b
2023-07-11 at 20:01:22 CST DEBUG org.springframework.beans.factory.xml.XmlBeanDefinitionReader 393 doLoadBeanDefinitions - Loaded 6 bean definitions from class path resource [bean-ditest.xml]
2023-07-11 at 20:01:22 CST DEBUG org.springframework.beans.factory.support.DefaultSingletonBeanRegistry 225 getSingleton - Creating shared instance of singleton bean 'dept'
2023-07-11 at 20:01:22 CST DEBUG org.springframework.beans.factory.support.DefaultSingletonBeanRegistry 225 getSingleton - Creating shared instance of singleton bean 'emp'
2023-07-11 at 20:01:22 CST DEBUG org.springframework.beans.factory.support.DefaultSingletonBeanRegistry 225 getSingleton - Creating shared instance of singleton bean 'dept2'
2023-07-11 at 20:01:22 CST DEBUG org.springframework.beans.factory.support.DefaultSingletonBeanRegistry 225 getSingleton - Creating shared instance of singleton bean 'emp2'
2023-07-11 at 20:01:22 CST DEBUG org.springframework.beans.factory.support.DefaultSingletonBeanRegistry 225 getSingleton - Creating shared instance of singleton bean 'dept3'
2023-07-11 at 20:01:22 CST DEBUG org.springframework.beans.factory.support.DefaultSingletonBeanRegistry 225 getSingleton - Creating shared instance of singleton bean 'emp3'
2023-07-11 at 20:03:01 CST DEBUG org.springframework.context.support.AbstractApplicationContext 630 prepareRefresh - Refreshing org.springframework.context.support.ClassPathXmlApplicationContext@49d3c823
2023-07-11 at 20:03:01 CST DEBUG org.springframework.beans.factory.xml.XmlBeanDefinitionReader 393 doLoadBeanDefinitions - Loaded 1 bean definitions from class path resource [bean-diarray.xml]
2023-07-11 at 20:03:01 CST DEBUG org.springframework.beans.factory.support.DefaultSingletonBeanRegistry 225 getSingleton - Creating shared instance of singleton bean 'emp'
2023-07-11 at 20:17:39 CST DEBUG org.springframework.context.support.AbstractApplicationContext 630 prepareRefresh - Refreshing org.springframework.context.support.ClassPathXmlApplicationContext@436bc36
2023-07-11 at 20:17:39 CST DEBUG org.springframework.beans.factory.xml.XmlBeanDefinitionReader 393 doLoadBeanDefinitions - Loaded 3 bean definitions from class path resource [bean-dilist.xml]
2023-07-11 at 20:17:39 CST DEBUG org.springframework.beans.factory.support.DefaultSingletonBeanRegistry 225 getSingleton - Creating shared instance of singleton bean 'empOne'
2023-07-11 at 20:17:39 CST DEBUG org.springframework.beans.factory.support.DefaultSingletonBeanRegistry 225 getSingleton - Creating shared instance of singleton bean 'empTwo'
2023-07-11 at 20:17:39 CST DEBUG org.springframework.beans.factory.support.DefaultSingletonBeanRegistry 225 getSingleton - Creating shared instance of singleton bean 'dept'
2023-07-11 at 20:18:05 CST DEBUG org.springframework.context.support.AbstractApplicationContext 630 prepareRefresh - Refreshing org.springframework.context.support.ClassPathXmlApplicationContext@436bc36
2023-07-11 at 20:18:05 CST DEBUG org.springframework.beans.factory.xml.XmlBeanDefinitionReader 393 doLoadBeanDefinitions - Loaded 3 bean definitions from class path resource [bean-dilist.xml]
2023-07-11 at 20:18:05 CST DEBUG org.springframework.beans.factory.support.DefaultSingletonBeanRegistry 225 getSingleton - Creating shared instance of singleton bean 'empOne'
2023-07-11 at 20:18:05 CST DEBUG org.springframework.beans.factory.support.DefaultSingletonBeanRegistry 225 getSingleton - Creating shared instance of singleton bean 'empTwo'
2023-07-11 at 20:18:05 CST DEBUG org.springframework.beans.factory.support.DefaultSingletonBeanRegistry 225 getSingleton - Creating shared instance of singleton bean 'dept'
2023-07-11 at 20:29:29 CST DEBUG org.springframework.context.support.AbstractApplicationContext 630 prepareRefresh - Refreshing org.springframework.context.support.ClassPathXmlApplicationContext@5fe1ce85
2023-07-11 at 20:29:29 CST DEBUG org.springframework.beans.factory.xml.XmlBeanDefinitionReader 393 doLoadBeanDefinitions - Loaded 3 bean definitions from class path resource [bean-dimap.xml]
2023-07-11 at 20:29:29 CST DEBUG org.springframework.beans.factory.support.DefaultSingletonBeanRegistry 225 getSingleton - Creating shared instance of singleton bean 'teacherOne'
2023-07-11 at 20:29:29 CST DEBUG org.springframework.beans.factory.support.DefaultSingletonBeanRegistry 225 getSingleton - Creating shared instance of singleton bean 'teacherTwo'
2023-07-11 at 20:29:29 CST DEBUG org.springframework.beans.factory.support.DefaultSingletonBeanRegistry 225 getSingleton - Creating shared instance of singleton bean 'student'
2023-07-11 at 20:29:51 CST DEBUG org.springframework.context.support.AbstractApplicationContext 630 prepareRefresh - Refreshing org.springframework.context.support.ClassPathXmlApplicationContext@5fe1ce85
2023-07-11 at 20:29:51 CST DEBUG org.springframework.beans.factory.xml.XmlBeanDefinitionReader 393 doLoadBeanDefinitions - Loaded 3 bean definitions from class path resource [bean-dimap.xml]
2023-07-11 at 20:29:51 CST DEBUG org.springframework.beans.factory.support.DefaultSingletonBeanRegistry 225 getSingleton - Creating shared instance of singleton bean 'teacherOne'
2023-07-11 at 20:29:51 CST DEBUG org.springframework.beans.factory.support.DefaultSingletonBeanRegistry 225 getSingleton - Creating shared instance of singleton bean 'teacherTwo'
2023-07-11 at 20:29:51 CST DEBUG org.springframework.beans.factory.support.DefaultSingletonBeanRegistry 225 getSingleton - Creating shared instance of singleton bean 'student'
2023-07-11 at 20:46:44 CST DEBUG org.springframework.context.support.AbstractApplicationContext 630 prepareRefresh - Refreshing org.springframework.context.support.ClassPathXmlApplicationContext@604c5de8
2023-07-11 at 20:46:45 CST DEBUG org.springframework.beans.factory.xml.XmlBeanDefinitionReader 393 doLoadBeanDefinitions - Loaded 7 bean definitions from class path resource [bean-diref.xml]
2023-07-11 at 20:46:45 CST DEBUG org.springframework.beans.factory.support.DefaultSingletonBeanRegistry 225 getSingleton - Creating shared instance of singleton bean 'student'
2023-07-11 at 20:46:45 CST DEBUG org.springframework.beans.factory.support.DefaultSingletonBeanRegistry 225 getSingleton - Creating shared instance of singleton bean 'courseList'
2023-07-11 at 20:46:45 CST DEBUG org.springframework.beans.factory.support.DefaultSingletonBeanRegistry 225 getSingleton - Creating shared instance of singleton bean 'courseOne'
2023-07-11 at 20:46:45 CST DEBUG org.springframework.beans.factory.support.DefaultSingletonBeanRegistry 225 getSingleton - Creating shared instance of singleton bean 'courseTwo'
2023-07-11 at 20:46:45 CST DEBUG org.springframework.beans.factory.support.DefaultSingletonBeanRegistry 225 getSingleton - Creating shared instance of singleton bean 'teacherMap'
2023-07-11 at 20:46:45 CST DEBUG org.springframework.beans.factory.support.DefaultSingletonBeanRegistry 225 getSingleton - Creating shared instance of singleton bean 'teacherOne'
2023-07-11 at 20:46:45 CST DEBUG org.springframework.beans.factory.support.DefaultSingletonBeanRegistry 225 getSingleton - Creating shared instance of singleton bean 'teacherTwo'
2023-07-11 at 20:53:58 CST DEBUG org.springframework.context.support.AbstractApplicationContext 630 prepareRefresh - Refreshing org.springframework.context.support.ClassPathXmlApplicationContext@37091312
2023-07-11 at 20:53:58 CST DEBUG org.springframework.beans.factory.xml.XmlBeanDefinitionReader 393 doLoadBeanDefinitions - Loaded 8 bean definitions from class path resource [bean-diref.xml]
2023-07-11 at 20:53:58 CST DEBUG org.springframework.beans.factory.support.DefaultSingletonBeanRegistry 225 getSingleton - Creating shared instance of singleton bean 'studentMap'
2023-07-11 at 20:53:58 CST DEBUG org.springframework.beans.factory.support.DefaultSingletonBeanRegistry 225 getSingleton - Creating shared instance of singleton bean 'courseList'
2023-07-11 at 20:53:58 CST DEBUG org.springframework.beans.factory.support.DefaultSingletonBeanRegistry 225 getSingleton - Creating shared instance of singleton bean 'courseOne'
2023-07-11 at 20:53:58 CST DEBUG org.springframework.beans.factory.support.DefaultSingletonBeanRegistry 225 getSingleton - Creating shared instance of singleton bean 'courseTwo'
2023-07-11 at 20:53:58 CST DEBUG org.springframework.beans.factory.support.DefaultSingletonBeanRegistry 225 getSingleton - Creating shared instance of singleton bean 'teacherMap'
2023-07-11 at 20:53:58 CST DEBUG org.springframework.beans.factory.support.DefaultSingletonBeanRegistry 225 getSingleton - Creating shared instance of singleton bean 'teacherOne'
2023-07-11 at 20:53:58 CST DEBUG org.springframework.beans.factory.support.DefaultSingletonBeanRegistry 225 getSingleton - Creating shared instance of singleton bean 'teacherTwo'
2023-07-11 at 20:53:58 CST DEBUG org.springframework.beans.factory.support.DefaultSingletonBeanRegistry 225 getSingleton - Creating shared instance of singleton bean 'student'
2023-07-11 at 20:54:26 CST DEBUG org.springframework.context.support.AbstractApplicationContext 630 prepareRefresh - Refreshing org.springframework.context.support.ClassPathXmlApplicationContext@37091312
2023-07-11 at 20:54:26 CST DEBUG org.springframework.beans.factory.xml.XmlBeanDefinitionReader 393 doLoadBeanDefinitions - Loaded 8 bean definitions from class path resource [bean-diref.xml]
2023-07-11 at 20:54:26 CST DEBUG org.springframework.beans.factory.support.DefaultSingletonBeanRegistry 225 getSingleton - Creating shared instance of singleton bean 'studentP'
2023-07-11 at 20:54:26 CST DEBUG org.springframework.beans.factory.support.DefaultSingletonBeanRegistry 225 getSingleton - Creating shared instance of singleton bean 'courseList'
2023-07-11 at 20:54:26 CST DEBUG org.springframework.beans.factory.support.DefaultSingletonBeanRegistry 225 getSingleton - Creating shared instance of singleton bean 'courseOne'
2023-07-11 at 20:54:26 CST DEBUG org.springframework.beans.factory.support.DefaultSingletonBeanRegistry 225 getSingleton - Creating shared instance of singleton bean 'courseTwo'
2023-07-11 at 20:54:26 CST DEBUG org.springframework.beans.factory.support.DefaultSingletonBeanRegistry 225 getSingleton - Creating shared instance of singleton bean 'teacherMap'
2023-07-11 at 20:54:26 CST DEBUG org.springframework.beans.factory.support.DefaultSingletonBeanRegistry 225 getSingleton - Creating shared instance of singleton bean 'teacherOne'
2023-07-11 at 20:54:26 CST DEBUG org.springframework.beans.factory.support.DefaultSingletonBeanRegistry 225 getSingleton - Creating shared instance of singleton bean 'teacherTwo'
2023-07-11 at 20:54:26 CST DEBUG org.springframework.beans.factory.support.DefaultSingletonBeanRegistry 225 getSingleton - Creating shared instance of singleton bean 'student'
2023-07-11 at 21:25:22 CST DEBUG org.springframework.context.support.AbstractApplicationContext 630 prepareRefresh - Refreshing org.springframework.context.support.ClassPathXmlApplicationContext@55dfebeb
2023-07-11 at 21:25:23 CST DEBUG org.springframework.beans.factory.xml.XmlBeanDefinitionReader 393 doLoadBeanDefinitions - Loaded 2 bean definitions from class path resource [bean-jdbc.xml]
2023-07-11 at 21:25:23 CST DEBUG org.springframework.beans.factory.support.DefaultSingletonBeanRegistry 225 getSingleton - Creating shared instance of singleton bean 'org.springframework.context.support.PropertySourcesPlaceholderConfigurer#0'
2023-07-11 at 21:25:23 CST DEBUG org.springframework.core.env.PropertySourcesPropertyResolver 115 logKeyFound - Found key 'jdbc.url' in PropertySource 'localProperties' with value of type String
2023-07-11 at 21:25:23 CST DEBUG org.springframework.core.env.PropertySourcesPropertyResolver 115 logKeyFound - Found key 'jdbc.user' in PropertySource 'localProperties' with value of type String
2023-07-11 at 21:25:23 CST DEBUG org.springframework.core.env.PropertySourcesPropertyResolver 115 logKeyFound - Found key 'jdbc.password' in PropertySource 'localProperties' with value of type String
2023-07-11 at 21:25:23 CST DEBUG org.springframework.core.env.PropertySourcesPropertyResolver 115 logKeyFound - Found key 'jdbc.driver' in PropertySource 'localProperties' with value of type String
2023-07-11 at 21:25:23 CST DEBUG org.springframework.beans.factory.support.DefaultSingletonBeanRegistry 225 getSingleton - Creating shared instance of singleton bean 'druidDataSource'
2023-07-11 at 21:35:59 CST DEBUG org.springframework.context.support.AbstractApplicationContext 630 prepareRefresh - Refreshing org.springframework.context.support.ClassPathXmlApplicationContext@6e35bc3d
2023-07-11 at 21:35:59 CST DEBUG org.springframework.beans.factory.xml.XmlBeanDefinitionReader 393 doLoadBeanDefinitions - Loaded 1 bean definitions from class path resource [bean-scope.xml]
2023-07-11 at 21:35:59 CST DEBUG org.springframework.beans.factory.support.DefaultSingletonBeanRegistry 225 getSingleton - Creating shared instance of singleton bean 'orders'
2023-07-11 at 21:37:33 CST DEBUG org.springframework.context.support.AbstractApplicationContext 630 prepareRefresh - Refreshing org.springframework.context.support.ClassPathXmlApplicationContext@6e35bc3d
2023-07-11 at 21:37:33 CST DEBUG org.springframework.beans.factory.xml.XmlBeanDefinitionReader 393 doLoadBeanDefinitions - Loaded 1 bean definitions from class path resource [bean-scope.xml]
2023-07-11 at 21:37:33 CST DEBUG org.springframework.beans.factory.support.DefaultSingletonBeanRegistry 225 getSingleton - Creating shared instance of singleton bean 'orders-singleton'
2023-07-11 at 21:39:00 CST DEBUG org.springframework.context.support.AbstractApplicationContext 630 prepareRefresh - Refreshing org.springframework.context.support.ClassPathXmlApplicationContext@10b9db7b
2023-07-11 at 21:39:00 CST DEBUG org.springframework.beans.factory.xml.XmlBeanDefinitionReader 393 doLoadBeanDefinitions - Loaded 2 bean definitions from class path resource [bean-scope.xml]
2023-07-11 at 21:39:00 CST DEBUG org.springframework.beans.factory.support.DefaultSingletonBeanRegistry 225 getSingleton - Creating shared instance of singleton bean 'orders-singleton'
2023-07-11 at 21:39:02 CST DEBUG org.springframework.context.support.AbstractApplicationContext 630 prepareRefresh - Refreshing org.springframework.context.support.ClassPathXmlApplicationContext@6e35bc3d
2023-07-11 at 21:39:02 CST DEBUG org.springframework.beans.factory.xml.XmlBeanDefinitionReader 393 doLoadBeanDefinitions - Loaded 2 bean definitions from class path resource [bean-scope.xml]
2023-07-11 at 21:39:02 CST DEBUG org.springframework.beans.factory.support.DefaultSingletonBeanRegistry 225 getSingleton - Creating shared instance of singleton bean 'orders-singleton'
2023-07-11 at 21:51:34 CST DEBUG org.springframework.context.support.AbstractApplicationContext 630 prepareRefresh - Refreshing org.springframework.context.support.ClassPathXmlApplicationContext@1cdc4c27
2023-07-11 at 21:51:34 CST DEBUG org.springframework.beans.factory.xml.XmlBeanDefinitionReader 393 doLoadBeanDefinitions - Loaded 1 bean definitions from class path resource [bean-life.xml]
2023-07-11 at 21:51:34 CST DEBUG org.springframework.beans.factory.support.DefaultSingletonBeanRegistry 225 getSingleton - Creating shared instance of singleton bean 'user'
2023-07-11 at 21:52:36 CST DEBUG org.springframework.context.support.AbstractApplicationContext 630 prepareRefresh - Refreshing org.springframework.context.support.ClassPathXmlApplicationContext@1cdc4c27
2023-07-11 at 21:52:36 CST DEBUG org.springframework.beans.factory.xml.XmlBeanDefinitionReader 393 doLoadBeanDefinitions - Loaded 1 bean definitions from class path resource [bean-life.xml]
2023-07-11 at 21:52:36 CST DEBUG org.springframework.beans.factory.support.DefaultSingletonBeanRegistry 225 getSingleton - Creating shared instance of singleton bean 'user'
2023-07-11 at 21:53:32 CST DEBUG org.springframework.context.support.AbstractApplicationContext 630 prepareRefresh - Refreshing org.springframework.context.support.ClassPathXmlApplicationContext@1cdc4c27
2023-07-11 at 21:53:32 CST DEBUG org.springframework.beans.factory.xml.XmlBeanDefinitionReader 393 doLoadBeanDefinitions - Loaded 1 bean definitions from class path resource [bean-life.xml]
2023-07-11 at 21:53:32 CST DEBUG org.springframework.beans.factory.support.DefaultSingletonBeanRegistry 225 getSingleton - Creating shared instance of singleton bean 'user'
2023-07-11 at 21:53:32 CST DEBUG org.springframework.context.support.AbstractApplicationContext 1029 doClose - Closing org.springframework.context.support.ClassPathXmlApplicationContext@1cdc4c27, started on Tue Jul 11 21:53:32 CST 2023
2023-07-11 at 22:00:53 CST DEBUG org.springframework.context.support.AbstractApplicationContext 630 prepareRefresh - Refreshing org.springframework.context.support.ClassPathXmlApplicationContext@1cdc4c27
2023-07-11 at 22:00:53 CST DEBUG org.springframework.beans.factory.xml.XmlBeanDefinitionReader 393 doLoadBeanDefinitions - Loaded 2 bean definitions from class path resource [bean-life.xml]
2023-07-11 at 22:00:53 CST DEBUG org.springframework.beans.factory.support.DefaultSingletonBeanRegistry 225 getSingleton - Creating shared instance of singleton bean 'myBeanPost'
2023-07-11 at 22:00:53 CST DEBUG org.springframework.beans.factory.support.DefaultSingletonBeanRegistry 225 getSingleton - Creating shared instance of singleton bean 'user'
2023-07-11 at 22:00:53 CST DEBUG org.springframework.context.support.AbstractApplicationContext 1029 doClose - Closing org.springframework.context.support.ClassPathXmlApplicationContext@1cdc4c27, started on Tue Jul 11 22:00:53 CST 2023
2023-07-11 at 22:01:17 CST DEBUG org.springframework.context.support.AbstractApplicationContext 630 prepareRefresh - Refreshing org.springframework.context.support.ClassPathXmlApplicationContext@1cdc4c27
2023-07-11 at 22:01:17 CST DEBUG org.springframework.beans.factory.xml.XmlBeanDefinitionReader 393 doLoadBeanDefinitions - Loaded 2 bean definitions from class path resource [bean-life.xml]
2023-07-11 at 22:01:17 CST DEBUG org.springframework.beans.factory.support.DefaultSingletonBeanRegistry 225 getSingleton - Creating shared instance of singleton bean 'myBeanPost'
2023-07-11 at 22:01:17 CST DEBUG org.springframework.beans.factory.support.DefaultSingletonBeanRegistry 225 getSingleton - Creating shared instance of singleton bean 'user'
2023-07-11 at 22:01:17 CST DEBUG org.springframework.context.support.AbstractApplicationContext 1029 doClose - Closing org.springframework.context.support.ClassPathXmlApplicationContext@1cdc4c27, started on Tue Jul 11 22:01:17 CST 2023
2023-07-11 at 22:09:14 CST DEBUG org.springframework.context.support.AbstractApplicationContext 630 prepareRefresh - Refreshing org.springframework.context.support.ClassPathXmlApplicationContext@77b14724
2023-07-11 at 22:09:14 CST DEBUG org.springframework.beans.factory.xml.XmlBeanDefinitionReader 393 doLoadBeanDefinitions - Loaded 1 bean definitions from class path resource [bean-factorybean.xml]
2023-07-11 at 22:09:14 CST DEBUG org.springframework.beans.factory.support.DefaultSingletonBeanRegistry 225 getSingleton - Creating shared instance of singleton bean 'user'
2023-07-11 at 22:39:05 CST DEBUG org.springframework.context.support.AbstractApplicationContext 630 prepareRefresh - Refreshing org.springframework.context.support.ClassPathXmlApplicationContext@604f2bd2
2023-07-11 at 22:39:05 CST DEBUG org.springframework.beans.factory.xml.XmlBeanDefinitionReader 393 doLoadBeanDefinitions - Loaded 3 bean definitions from class path resource [bean-auto.xml]
2023-07-11 at 22:39:05 CST DEBUG org.springframework.beans.factory.support.DefaultSingletonBeanRegistry 225 getSingleton - Creating shared instance of singleton bean 'userController'
2023-07-11 at 22:39:05 CST DEBUG org.springframework.beans.factory.support.DefaultSingletonBeanRegistry 225 getSingleton - Creating shared instance of singleton bean 'userService'
2023-07-11 at 22:39:05 CST DEBUG org.springframework.beans.factory.support.DefaultSingletonBeanRegistry 225 getSingleton - Creating shared instance of singleton bean 'userDao'
2023-07-11 at 22:45:15 CST DEBUG org.springframework.context.support.AbstractApplicationContext 630 prepareRefresh - Refreshing org.springframework.context.support.ClassPathXmlApplicationContext@604f2bd2
2023-07-11 at 22:45:15 CST DEBUG org.springframework.beans.factory.xml.XmlBeanDefinitionReader 393 doLoadBeanDefinitions - Loaded 3 bean definitions from class path resource [bean-auto.xml]
2023-07-11 at 22:45:15 CST DEBUG org.springframework.beans.factory.support.DefaultSingletonBeanRegistry 225 getSingleton - Creating shared instance of singleton bean 'userController_name'
2023-07-11 at 22:45:15 CST DEBUG org.springframework.beans.factory.support.DefaultSingletonBeanRegistry 225 getSingleton - Creating shared instance of singleton bean 'userServiceImpl'
2023-07-11 at 22:45:15 CST DEBUG org.springframework.beans.factory.support.DefaultSingletonBeanRegistry 225 getSingleton - Creating shared instance of singleton bean 'userDaoImpl'
2023-07-11 at 22:45:22 CST DEBUG org.springframework.context.support.AbstractApplicationContext 630 prepareRefresh - Refreshing org.springframework.context.support.ClassPathXmlApplicationContext@604f2bd2
2023-07-11 at 22:45:22 CST DEBUG org.springframework.beans.factory.xml.XmlBeanDefinitionReader 393 doLoadBeanDefinitions - Loaded 3 bean definitions from class path resource [bean-auto.xml]
2023-07-11 at 22:45:22 CST DEBUG org.springframework.beans.factory.support.DefaultSingletonBeanRegistry 225 getSingleton - Creating shared instance of singleton bean 'userController'
2023-07-11 at 22:45:22 CST DEBUG org.springframework.beans.factory.support.DefaultSingletonBeanRegistry 225 getSingleton - Creating shared instance of singleton bean 'userServiceImpl'
2023-07-11 at 22:45:22 CST DEBUG org.springframework.beans.factory.support.DefaultSingletonBeanRegistry 225 getSingleton - Creating shared instance of singleton bean 'userDaoImpl'
2023-07-11 at 22:45:28 CST DEBUG org.springframework.context.support.AbstractApplicationContext 630 prepareRefresh - Refreshing org.springframework.context.support.ClassPathXmlApplicationContext@604f2bd2
2023-07-11 at 22:45:28 CST DEBUG org.springframework.beans.factory.xml.XmlBeanDefinitionReader 393 doLoadBeanDefinitions - Loaded 3 bean definitions from class path resource [bean-auto.xml]
2023-07-11 at 22:45:28 CST DEBUG org.springframework.beans.factory.support.DefaultSingletonBeanRegistry 225 getSingleton - Creating shared instance of singleton bean 'userController'
2023-07-11 at 22:45:28 CST DEBUG org.springframework.beans.factory.support.DefaultSingletonBeanRegistry 225 getSingleton - Creating shared instance of singleton bean 'userService'
2023-07-11 at 22:45:28 CST DEBUG org.springframework.beans.factory.support.DefaultSingletonBeanRegistry 225 getSingleton - Creating shared instance of singleton bean 'userDaoImpl'
2023-07-11 at 22:45:33 CST DEBUG org.springframework.context.support.AbstractApplicationContext 630 prepareRefresh - Refreshing org.springframework.context.support.ClassPathXmlApplicationContext@604f2bd2
2023-07-11 at 22:45:33 CST DEBUG org.springframework.beans.factory.xml.XmlBeanDefinitionReader 393 doLoadBeanDefinitions - Loaded 3 bean definitions from class path resource [bean-auto.xml]
2023-07-11 at 22:45:33 CST DEBUG org.springframework.beans.factory.support.DefaultSingletonBeanRegistry 225 getSingleton - Creating shared instance of singleton bean 'userController'
2023-07-11 at 22:45:33 CST DEBUG org.springframework.beans.factory.support.DefaultSingletonBeanRegistry 225 getSingleton - Creating shared instance of singleton bean 'userService'
2023-07-11 at 22:45:33 CST DEBUG org.springframework.beans.factory.support.DefaultSingletonBeanRegistry 225 getSingleton - Creating shared instance of singleton bean 'userDao'
2023-07-12 at 14:45:10 CST DEBUG org.springframework.context.support.AbstractApplicationContext 630 prepareRefresh - Refreshing org.springframework.context.support.ClassPathXmlApplicationContext@a8ef162
2023-07-12 at 14:45:10 CST DEBUG org.springframework.context.annotation.ClassPathScanningCandidateComponentProvider 440 scanCandidateComponents - Identified candidate component class: file [/Users/qingyuan/Library/Mobile Documents/com~apple~CloudDocs/code/spring6/spring-ioc-annotation/target/classes/com/DEAiFISH/bean/User.class]
2023-07-12 at 14:45:11 CST DEBUG org.springframework.beans.factory.xml.XmlBeanDefinitionReader 393 doLoadBeanDefinitions - Loaded 5 bean definitions from class path resource [bean.xml]
2023-07-12 at 14:45:11 CST DEBUG org.springframework.beans.factory.support.DefaultSingletonBeanRegistry 225 getSingleton - Creating shared instance of singleton bean 'org.springframework.context.annotation.internalConfigurationAnnotationProcessor'
2023-07-12 at 14:45:11 CST DEBUG org.springframework.beans.factory.support.DefaultSingletonBeanRegistry 225 getSingleton - Creating shared instance of singleton bean 'org.springframework.context.event.internalEventListenerProcessor'
2023-07-12 at 14:45:11 CST DEBUG org.springframework.beans.factory.support.DefaultSingletonBeanRegistry 225 getSingleton - Creating shared instance of singleton bean 'org.springframework.context.event.internalEventListenerFactory'
2023-07-12 at 14:45:11 CST DEBUG org.springframework.beans.factory.support.DefaultSingletonBeanRegistry 225 getSingleton - Creating shared instance of singleton bean 'org.springframework.context.annotation.internalAutowiredAnnotationProcessor'
2023-07-12 at 14:45:11 CST DEBUG org.springframework.beans.factory.support.DefaultSingletonBeanRegistry 225 getSingleton - Creating shared instance of singleton bean 'user'
2023-07-12 at 15:06:29 CST DEBUG org.springframework.context.support.AbstractApplicationContext 630 prepareRefresh - Refreshing org.springframework.context.support.ClassPathXmlApplicationContext@a8ef162
2023-07-12 at 15:06:29 CST DEBUG org.springframework.context.annotation.ClassPathScanningCandidateComponentProvider 440 scanCandidateComponents - Identified candidate component class: file [/Users/qingyuan/Library/Mobile Documents/com~apple~CloudDocs/code/spring6/spring-ioc-annotation/target/classes/com/DEAiFISH/autowired/controller/UserController.class]
2023-07-12 at 15:06:29 CST DEBUG org.springframework.context.annotation.ClassPathScanningCandidateComponentProvider 440 scanCandidateComponents - Identified candidate component class: file [/Users/qingyuan/Library/Mobile Documents/com~apple~CloudDocs/code/spring6/spring-ioc-annotation/target/classes/com/DEAiFISH/autowired/dao/UserDaoImpl.class]
2023-07-12 at 15:06:29 CST DEBUG org.springframework.context.annotation.ClassPathScanningCandidateComponentProvider 440 scanCandidateComponents - Identified candidate component class: file [/Users/qingyuan/Library/Mobile Documents/com~apple~CloudDocs/code/spring6/spring-ioc-annotation/target/classes/com/DEAiFISH/autowired/service/UserServiceImpl.class]
2023-07-12 at 15:06:29 CST DEBUG org.springframework.beans.factory.xml.XmlBeanDefinitionReader 393 doLoadBeanDefinitions - Loaded 7 bean definitions from class path resource [bean.xml]
2023-07-12 at 15:06:29 CST DEBUG org.springframework.beans.factory.support.DefaultSingletonBeanRegistry 225 getSingleton - Creating shared instance of singleton bean 'org.springframework.context.annotation.internalConfigurationAnnotationProcessor'
2023-07-12 at 15:06:29 CST DEBUG org.springframework.beans.factory.support.DefaultSingletonBeanRegistry 225 getSingleton - Creating shared instance of singleton bean 'org.springframework.context.event.internalEventListenerProcessor'
2023-07-12 at 15:06:29 CST DEBUG org.springframework.beans.factory.support.DefaultSingletonBeanRegistry 225 getSingleton - Creating shared instance of singleton bean 'org.springframework.context.event.internalEventListenerFactory'
2023-07-12 at 15:06:29 CST DEBUG org.springframework.beans.factory.support.DefaultSingletonBeanRegistry 225 getSingleton - Creating shared instance of singleton bean 'org.springframework.context.annotation.internalAutowiredAnnotationProcessor'
2023-07-12 at 15:06:29 CST DEBUG org.springframework.beans.factory.support.DefaultSingletonBeanRegistry 225 getSingleton - Creating shared instance of singleton bean 'userController'
2023-07-12 at 15:06:29 CST DEBUG org.springframework.beans.factory.support.DefaultSingletonBeanRegistry 225 getSingleton - Creating shared instance of singleton bean 'userServiceImpl'
2023-07-12 at 15:06:29 CST DEBUG org.springframework.beans.factory.support.DefaultSingletonBeanRegistry 225 getSingleton - Creating shared instance of singleton bean 'userDaoImpl'
2023-07-12 at 15:09:23 CST DEBUG org.springframework.context.support.AbstractApplicationContext 630 prepareRefresh - Refreshing org.springframework.context.support.ClassPathXmlApplicationContext@a8ef162
2023-07-12 at 15:09:23 CST DEBUG org.springframework.context.annotation.ClassPathScanningCandidateComponentProvider 440 scanCandidateComponents - Identified candidate component class: file [/Users/qingyuan/Library/Mobile Documents/com~apple~CloudDocs/code/spring6/spring-ioc-annotation/target/classes/com/DEAiFISH/autowired/controller/UserController.class]
2023-07-12 at 15:09:23 CST DEBUG org.springframework.context.annotation.ClassPathScanningCandidateComponentProvider 440 scanCandidateComponents - Identified candidate component class: file [/Users/qingyuan/Library/Mobile Documents/com~apple~CloudDocs/code/spring6/spring-ioc-annotation/target/classes/com/DEAiFISH/autowired/dao/UserDaoImpl.class]
2023-07-12 at 15:09:23 CST DEBUG org.springframework.context.annotation.ClassPathScanningCandidateComponentProvider 440 scanCandidateComponents - Identified candidate component class: file [/Users/qingyuan/Library/Mobile Documents/com~apple~CloudDocs/code/spring6/spring-ioc-annotation/target/classes/com/DEAiFISH/autowired/service/UserServiceImpl.class]
2023-07-12 at 15:09:23 CST DEBUG org.springframework.beans.factory.xml.XmlBeanDefinitionReader 393 doLoadBeanDefinitions - Loaded 7 bean definitions from class path resource [bean.xml]
2023-07-12 at 15:09:23 CST DEBUG org.springframework.beans.factory.support.DefaultSingletonBeanRegistry 225 getSingleton - Creating shared instance of singleton bean 'org.springframework.context.annotation.internalConfigurationAnnotationProcessor'
2023-07-12 at 15:09:24 CST DEBUG org.springframework.beans.factory.support.DefaultSingletonBeanRegistry 225 getSingleton - Creating shared instance of singleton bean 'org.springframework.context.event.internalEventListenerProcessor'
2023-07-12 at 15:09:24 CST DEBUG org.springframework.beans.factory.support.DefaultSingletonBeanRegistry 225 getSingleton - Creating shared instance of singleton bean 'org.springframework.context.event.internalEventListenerFactory'
2023-07-12 at 15:09:24 CST DEBUG org.springframework.beans.factory.support.DefaultSingletonBeanRegistry 225 getSingleton - Creating shared instance of singleton bean 'org.springframework.context.annotation.internalAutowiredAnnotationProcessor'
2023-07-12 at 15:09:24 CST DEBUG org.springframework.beans.factory.support.DefaultSingletonBeanRegistry 225 getSingleton - Creating shared instance of singleton bean 'userController'
2023-07-12 at 15:09:24 CST DEBUG org.springframework.beans.factory.support.DefaultSingletonBeanRegistry 225 getSingleton - Creating shared instance of singleton bean 'userServiceImpl'
2023-07-12 at 15:09:24 CST DEBUG org.springframework.beans.factory.support.DefaultSingletonBeanRegistry 225 getSingleton - Creating shared instance of singleton bean 'userDaoImpl'
2023-07-12 at 15:11:33 CST DEBUG org.springframework.context.support.AbstractApplicationContext 630 prepareRefresh - Refreshing org.springframework.context.support.ClassPathXmlApplicationContext@a8ef162
2023-07-12 at 15:11:33 CST DEBUG org.springframework.context.annotation.ClassPathScanningCandidateComponentProvider 440 scanCandidateComponents - Identified candidate component class: file [/Users/qingyuan/Library/Mobile Documents/com~apple~CloudDocs/code/spring6/spring-ioc-annotation/target/classes/com/DEAiFISH/autowired/controller/UserController.class]
2023-07-12 at 15:11:33 CST DEBUG org.springframework.context.annotation.ClassPathScanningCandidateComponentProvider 440 scanCandidateComponents - Identified candidate component class: file [/Users/qingyuan/Library/Mobile Documents/com~apple~CloudDocs/code/spring6/spring-ioc-annotation/target/classes/com/DEAiFISH/autowired/dao/UserDaoImpl.class]
2023-07-12 at 15:11:33 CST DEBUG org.springframework.context.annotation.ClassPathScanningCandidateComponentProvider 440 scanCandidateComponents - Identified candidate component class: file [/Users/qingyuan/Library/Mobile Documents/com~apple~CloudDocs/code/spring6/spring-ioc-annotation/target/classes/com/DEAiFISH/autowired/service/UserServiceImpl.class]
2023-07-12 at 15:11:33 CST DEBUG org.springframework.beans.factory.xml.XmlBeanDefinitionReader 393 doLoadBeanDefinitions - Loaded 7 bean definitions from class path resource [bean.xml]
2023-07-12 at 15:11:33 CST DEBUG org.springframework.beans.factory.support.DefaultSingletonBeanRegistry 225 getSingleton - Creating shared instance of singleton bean 'org.springframework.context.annotation.internalConfigurationAnnotationProcessor'
2023-07-12 at 15:11:33 CST DEBUG org.springframework.beans.factory.support.DefaultSingletonBeanRegistry 225 getSingleton - Creating shared instance of singleton bean 'org.springframework.context.event.internalEventListenerProcessor'
2023-07-12 at 15:11:33 CST DEBUG org.springframework.beans.factory.support.DefaultSingletonBeanRegistry 225 getSingleton - Creating shared instance of singleton bean 'org.springframework.context.event.internalEventListenerFactory'
2023-07-12 at 15:11:33 CST DEBUG org.springframework.beans.factory.support.DefaultSingletonBeanRegistry 225 getSingleton - Creating shared instance of singleton bean 'org.springframework.context.annotation.internalAutowiredAnnotationProcessor'
2023-07-12 at 15:11:33 CST DEBUG org.springframework.beans.factory.support.DefaultSingletonBeanRegistry 225 getSingleton - Creating shared instance of singleton bean 'userController'
2023-07-12 at 15:11:33 CST WARN  org.springframework.core.LocalVariableTableParameterNameDiscoverer 123 inspectClass - Using deprecated '-debug' fallback for parameter name resolution. Compile the affected code with '-parameters' instead or avoid its introspection: com.DEAiFISH.autowired.controller.UserController
2023-07-12 at 15:11:33 CST DEBUG org.springframework.beans.factory.support.DefaultSingletonBeanRegistry 225 getSingleton - Creating shared instance of singleton bean 'userServiceImpl'
2023-07-12 at 15:11:33 CST WARN  org.springframework.core.LocalVariableTableParameterNameDiscoverer 123 inspectClass - Using deprecated '-debug' fallback for parameter name resolution. Compile the affected code with '-parameters' instead or avoid its introspection: com.DEAiFISH.autowired.service.UserServiceImpl
2023-07-12 at 15:11:33 CST DEBUG org.springframework.beans.factory.support.DefaultSingletonBeanRegistry 225 getSingleton - Creating shared instance of singleton bean 'userDaoImpl'
2023-07-12 at 15:11:33 CST DEBUG org.springframework.beans.factory.support.ConstructorResolver 801 createArgumentArray - Autowiring by type from bean name 'userServiceImpl' via constructor to bean named 'userDaoImpl'
2023-07-12 at 15:11:33 CST DEBUG org.springframework.beans.factory.support.ConstructorResolver 801 createArgumentArray - Autowiring by type from bean name 'userController' via constructor to bean named 'userServiceImpl'
2023-07-12 at 15:15:28 CST DEBUG org.springframework.context.support.AbstractApplicationContext 630 prepareRefresh - Refreshing org.springframework.context.support.ClassPathXmlApplicationContext@a8ef162
2023-07-12 at 15:15:28 CST DEBUG org.springframework.context.annotation.ClassPathScanningCandidateComponentProvider 440 scanCandidateComponents - Identified candidate component class: file [/Users/qingyuan/Library/Mobile Documents/com~apple~CloudDocs/code/spring6/spring-ioc-annotation/target/classes/com/DEAiFISH/autowired/controller/UserController.class]
2023-07-12 at 15:15:28 CST DEBUG org.springframework.context.annotation.ClassPathScanningCandidateComponentProvider 440 scanCandidateComponents - Identified candidate component class: file [/Users/qingyuan/Library/Mobile Documents/com~apple~CloudDocs/code/spring6/spring-ioc-annotation/target/classes/com/DEAiFISH/autowired/dao/UserDaoImpl.class]
2023-07-12 at 15:15:28 CST DEBUG org.springframework.context.annotation.ClassPathScanningCandidateComponentProvider 440 scanCandidateComponents - Identified candidate component class: file [/Users/qingyuan/Library/Mobile Documents/com~apple~CloudDocs/code/spring6/spring-ioc-annotation/target/classes/com/DEAiFISH/autowired/service/UserServiceImpl.class]
2023-07-12 at 15:15:28 CST DEBUG org.springframework.beans.factory.xml.XmlBeanDefinitionReader 393 doLoadBeanDefinitions - Loaded 7 bean definitions from class path resource [bean.xml]
2023-07-12 at 15:15:28 CST DEBUG org.springframework.beans.factory.support.DefaultSingletonBeanRegistry 225 getSingleton - Creating shared instance of singleton bean 'org.springframework.context.annotation.internalConfigurationAnnotationProcessor'
2023-07-12 at 15:15:28 CST DEBUG org.springframework.beans.factory.support.DefaultSingletonBeanRegistry 225 getSingleton - Creating shared instance of singleton bean 'org.springframework.context.event.internalEventListenerProcessor'
2023-07-12 at 15:15:28 CST DEBUG org.springframework.beans.factory.support.DefaultSingletonBeanRegistry 225 getSingleton - Creating shared instance of singleton bean 'org.springframework.context.event.internalEventListenerFactory'
2023-07-12 at 15:15:28 CST DEBUG org.springframework.beans.factory.support.DefaultSingletonBeanRegistry 225 getSingleton - Creating shared instance of singleton bean 'org.springframework.context.annotation.internalAutowiredAnnotationProcessor'
2023-07-12 at 15:15:28 CST DEBUG org.springframework.beans.factory.support.DefaultSingletonBeanRegistry 225 getSingleton - Creating shared instance of singleton bean 'userController'
2023-07-12 at 15:15:28 CST WARN  org.springframework.core.LocalVariableTableParameterNameDiscoverer 123 inspectClass - Using deprecated '-debug' fallback for parameter name resolution. Compile the affected code with '-parameters' instead or avoid its introspection: com.DEAiFISH.autowired.controller.UserController
2023-07-12 at 15:15:28 CST DEBUG org.springframework.beans.factory.support.DefaultSingletonBeanRegistry 225 getSingleton - Creating shared instance of singleton bean 'userServiceImpl'
2023-07-12 at 15:15:28 CST WARN  org.springframework.core.LocalVariableTableParameterNameDiscoverer 123 inspectClass - Using deprecated '-debug' fallback for parameter name resolution. Compile the affected code with '-parameters' instead or avoid its introspection: com.DEAiFISH.autowired.service.UserServiceImpl
2023-07-12 at 15:15:28 CST DEBUG org.springframework.beans.factory.support.DefaultSingletonBeanRegistry 225 getSingleton - Creating shared instance of singleton bean 'userDaoImpl'
2023-07-12 at 15:15:28 CST DEBUG org.springframework.beans.factory.support.ConstructorResolver 801 createArgumentArray - Autowiring by type from bean name 'userServiceImpl' via constructor to bean named 'userDaoImpl'
2023-07-12 at 15:15:28 CST DEBUG org.springframework.beans.factory.support.ConstructorResolver 801 createArgumentArray - Autowiring by type from bean name 'userController' via constructor to bean named 'userServiceImpl'
2023-07-12 at 15:19:24 CST DEBUG org.springframework.context.support.AbstractApplicationContext 630 prepareRefresh - Refreshing org.springframework.context.support.ClassPathXmlApplicationContext@a8ef162
2023-07-12 at 15:19:24 CST DEBUG org.springframework.context.annotation.ClassPathScanningCandidateComponentProvider 440 scanCandidateComponents - Identified candidate component class: file [/Users/qingyuan/Library/Mobile Documents/com~apple~CloudDocs/code/spring6/spring-ioc-annotation/target/classes/com/DEAiFISH/autowired/controller/UserController.class]
2023-07-12 at 15:19:24 CST DEBUG org.springframework.context.annotation.ClassPathScanningCandidateComponentProvider 440 scanCandidateComponents - Identified candidate component class: file [/Users/qingyuan/Library/Mobile Documents/com~apple~CloudDocs/code/spring6/spring-ioc-annotation/target/classes/com/DEAiFISH/autowired/dao/UserDaoImpl.class]
2023-07-12 at 15:19:24 CST DEBUG org.springframework.context.annotation.ClassPathScanningCandidateComponentProvider 440 scanCandidateComponents - Identified candidate component class: file [/Users/qingyuan/Library/Mobile Documents/com~apple~CloudDocs/code/spring6/spring-ioc-annotation/target/classes/com/DEAiFISH/autowired/service/UserServiceImpl.class]
2023-07-12 at 15:19:24 CST DEBUG org.springframework.beans.factory.xml.XmlBeanDefinitionReader 393 doLoadBeanDefinitions - Loaded 7 bean definitions from class path resource [bean.xml]
2023-07-12 at 15:19:24 CST DEBUG org.springframework.beans.factory.support.DefaultSingletonBeanRegistry 225 getSingleton - Creating shared instance of singleton bean 'org.springframework.context.annotation.internalConfigurationAnnotationProcessor'
2023-07-12 at 15:19:24 CST DEBUG org.springframework.beans.factory.support.DefaultSingletonBeanRegistry 225 getSingleton - Creating shared instance of singleton bean 'org.springframework.context.event.internalEventListenerProcessor'
2023-07-12 at 15:19:24 CST DEBUG org.springframework.beans.factory.support.DefaultSingletonBeanRegistry 225 getSingleton - Creating shared instance of singleton bean 'org.springframework.context.event.internalEventListenerFactory'
2023-07-12 at 15:19:24 CST DEBUG org.springframework.beans.factory.support.DefaultSingletonBeanRegistry 225 getSingleton - Creating shared instance of singleton bean 'org.springframework.context.annotation.internalAutowiredAnnotationProcessor'
2023-07-12 at 15:19:24 CST DEBUG org.springframework.beans.factory.support.DefaultSingletonBeanRegistry 225 getSingleton - Creating shared instance of singleton bean 'userController'
2023-07-12 at 15:19:24 CST WARN  org.springframework.core.LocalVariableTableParameterNameDiscoverer 123 inspectClass - Using deprecated '-debug' fallback for parameter name resolution. Compile the affected code with '-parameters' instead or avoid its introspection: com.DEAiFISH.autowired.controller.UserController
2023-07-12 at 15:19:24 CST DEBUG org.springframework.beans.factory.support.DefaultSingletonBeanRegistry 225 getSingleton - Creating shared instance of singleton bean 'userServiceImpl'
2023-07-12 at 15:19:24 CST WARN  org.springframework.core.LocalVariableTableParameterNameDiscoverer 123 inspectClass - Using deprecated '-debug' fallback for parameter name resolution. Compile the affected code with '-parameters' instead or avoid its introspection: com.DEAiFISH.autowired.service.UserServiceImpl
2023-07-12 at 15:19:24 CST DEBUG org.springframework.beans.factory.support.DefaultSingletonBeanRegistry 225 getSingleton - Creating shared instance of singleton bean 'userDaoImpl'
2023-07-12 at 15:19:24 CST DEBUG org.springframework.beans.factory.support.ConstructorResolver 801 createArgumentArray - Autowiring by type from bean name 'userServiceImpl' via constructor to bean named 'userDaoImpl'
2023-07-12 at 15:19:24 CST DEBUG org.springframework.beans.factory.support.ConstructorResolver 801 createArgumentArray - Autowiring by type from bean name 'userController' via constructor to bean named 'userServiceImpl'
2023-07-12 at 15:24:52 CST DEBUG org.springframework.context.support.AbstractApplicationContext 630 prepareRefresh - Refreshing org.springframework.context.support.ClassPathXmlApplicationContext@a8ef162
2023-07-12 at 15:24:52 CST DEBUG org.springframework.context.annotation.ClassPathScanningCandidateComponentProvider 440 scanCandidateComponents - Identified candidate component class: file [/Users/qingyuan/Library/Mobile Documents/com~apple~CloudDocs/code/spring6/spring-ioc-annotation/target/classes/com/DEAiFISH/autowired/controller/UserController.class]
2023-07-12 at 15:24:52 CST DEBUG org.springframework.context.annotation.ClassPathScanningCandidateComponentProvider 440 scanCandidateComponents - Identified candidate component class: file [/Users/qingyuan/Library/Mobile Documents/com~apple~CloudDocs/code/spring6/spring-ioc-annotation/target/classes/com/DEAiFISH/autowired/dao/UserDaoImpl.class]
2023-07-12 at 15:24:52 CST DEBUG org.springframework.context.annotation.ClassPathScanningCandidateComponentProvider 440 scanCandidateComponents - Identified candidate component class: file [/Users/qingyuan/Library/Mobile Documents/com~apple~CloudDocs/code/spring6/spring-ioc-annotation/target/classes/com/DEAiFISH/autowired/dao/UserRedisDaoImpl.class]
2023-07-12 at 15:24:52 CST DEBUG org.springframework.context.annotation.ClassPathScanningCandidateComponentProvider 440 scanCandidateComponents - Identified candidate component class: file [/Users/qingyuan/Library/Mobile Documents/com~apple~CloudDocs/code/spring6/spring-ioc-annotation/target/classes/com/DEAiFISH/autowired/service/UserServiceImpl.class]
2023-07-12 at 15:24:52 CST DEBUG org.springframework.beans.factory.xml.XmlBeanDefinitionReader 393 doLoadBeanDefinitions - Loaded 8 bean definitions from class path resource [bean.xml]
2023-07-12 at 15:24:52 CST DEBUG org.springframework.beans.factory.support.DefaultSingletonBeanRegistry 225 getSingleton - Creating shared instance of singleton bean 'org.springframework.context.annotation.internalConfigurationAnnotationProcessor'
2023-07-12 at 15:24:52 CST DEBUG org.springframework.beans.factory.support.DefaultSingletonBeanRegistry 225 getSingleton - Creating shared instance of singleton bean 'org.springframework.context.event.internalEventListenerProcessor'
2023-07-12 at 15:24:52 CST DEBUG org.springframework.beans.factory.support.DefaultSingletonBeanRegistry 225 getSingleton - Creating shared instance of singleton bean 'org.springframework.context.event.internalEventListenerFactory'
2023-07-12 at 15:24:52 CST DEBUG org.springframework.beans.factory.support.DefaultSingletonBeanRegistry 225 getSingleton - Creating shared instance of singleton bean 'org.springframework.context.annotation.internalAutowiredAnnotationProcessor'
2023-07-12 at 15:24:52 CST DEBUG org.springframework.beans.factory.support.DefaultSingletonBeanRegistry 225 getSingleton - Creating shared instance of singleton bean 'userController'
2023-07-12 at 15:24:52 CST WARN  org.springframework.core.LocalVariableTableParameterNameDiscoverer 123 inspectClass - Using deprecated '-debug' fallback for parameter name resolution. Compile the affected code with '-parameters' instead or avoid its introspection: com.DEAiFISH.autowired.controller.UserController
2023-07-12 at 15:24:52 CST DEBUG org.springframework.beans.factory.support.DefaultSingletonBeanRegistry 225 getSingleton - Creating shared instance of singleton bean 'userServiceImpl'
2023-07-12 at 15:24:52 CST WARN  org.springframework.core.LocalVariableTableParameterNameDiscoverer 123 inspectClass - Using deprecated '-debug' fallback for parameter name resolution. Compile the affected code with '-parameters' instead or avoid its introspection: com.DEAiFISH.autowired.service.UserServiceImpl
2023-07-12 at 15:24:52 CST WARN  org.springframework.context.support.AbstractApplicationContext 592 refresh - Exception encountered during context initialization - cancelling refresh attempt: org.springframework.beans.factory.UnsatisfiedDependencyException: Error creating bean with name 'userController' defined in file [/Users/qingyuan/Library/Mobile Documents/com~apple~CloudDocs/code/spring6/spring-ioc-annotation/target/classes/com/DEAiFISH/autowired/controller/UserController.class]: Unsatisfied dependency expressed through constructor parameter 0: Error creating bean with name 'userServiceImpl' defined in file [/Users/qingyuan/Library/Mobile Documents/com~apple~CloudDocs/code/spring6/spring-ioc-annotation/target/classes/com/DEAiFISH/autowired/service/UserServiceImpl.class]: Unsatisfied dependency expressed through constructor parameter 0: No qualifying bean of type 'com.DEAiFISH.autowired.dao.UserDao' available: expected single matching bean but found 2: userDaoImpl,userRedisDaoImpl
2023-07-12 at 15:26:39 CST DEBUG org.springframework.context.support.AbstractApplicationContext 630 prepareRefresh - Refreshing org.springframework.context.support.ClassPathXmlApplicationContext@a8ef162
2023-07-12 at 15:26:40 CST DEBUG org.springframework.context.annotation.ClassPathScanningCandidateComponentProvider 440 scanCandidateComponents - Identified candidate component class: file [/Users/qingyuan/Library/Mobile Documents/com~apple~CloudDocs/code/spring6/spring-ioc-annotation/target/classes/com/DEAiFISH/autowired/controller/UserController.class]
2023-07-12 at 15:26:40 CST DEBUG org.springframework.context.annotation.ClassPathScanningCandidateComponentProvider 440 scanCandidateComponents - Identified candidate component class: file [/Users/qingyuan/Library/Mobile Documents/com~apple~CloudDocs/code/spring6/spring-ioc-annotation/target/classes/com/DEAiFISH/autowired/dao/UserDaoImpl.class]
2023-07-12 at 15:26:40 CST DEBUG org.springframework.context.annotation.ClassPathScanningCandidateComponentProvider 440 scanCandidateComponents - Identified candidate component class: file [/Users/qingyuan/Library/Mobile Documents/com~apple~CloudDocs/code/spring6/spring-ioc-annotation/target/classes/com/DEAiFISH/autowired/dao/UserRedisDaoImpl.class]
2023-07-12 at 15:26:40 CST DEBUG org.springframework.context.annotation.ClassPathScanningCandidateComponentProvider 440 scanCandidateComponents - Identified candidate component class: file [/Users/qingyuan/Library/Mobile Documents/com~apple~CloudDocs/code/spring6/spring-ioc-annotation/target/classes/com/DEAiFISH/autowired/service/UserServiceImpl.class]
2023-07-12 at 15:26:40 CST DEBUG org.springframework.beans.factory.xml.XmlBeanDefinitionReader 393 doLoadBeanDefinitions - Loaded 8 bean definitions from class path resource [bean.xml]
2023-07-12 at 15:26:40 CST DEBUG org.springframework.beans.factory.support.DefaultSingletonBeanRegistry 225 getSingleton - Creating shared instance of singleton bean 'org.springframework.context.annotation.internalConfigurationAnnotationProcessor'
2023-07-12 at 15:26:40 CST DEBUG org.springframework.beans.factory.support.DefaultSingletonBeanRegistry 225 getSingleton - Creating shared instance of singleton bean 'org.springframework.context.event.internalEventListenerProcessor'
2023-07-12 at 15:26:40 CST DEBUG org.springframework.beans.factory.support.DefaultSingletonBeanRegistry 225 getSingleton - Creating shared instance of singleton bean 'org.springframework.context.event.internalEventListenerFactory'
2023-07-12 at 15:26:40 CST DEBUG org.springframework.beans.factory.support.DefaultSingletonBeanRegistry 225 getSingleton - Creating shared instance of singleton bean 'org.springframework.context.annotation.internalAutowiredAnnotationProcessor'
2023-07-12 at 15:26:40 CST DEBUG org.springframework.beans.factory.support.DefaultSingletonBeanRegistry 225 getSingleton - Creating shared instance of singleton bean 'userController'
2023-07-12 at 15:26:40 CST WARN  org.springframework.core.LocalVariableTableParameterNameDiscoverer 123 inspectClass - Using deprecated '-debug' fallback for parameter name resolution. Compile the affected code with '-parameters' instead or avoid its introspection: com.DEAiFISH.autowired.controller.UserController
2023-07-12 at 15:26:40 CST DEBUG org.springframework.beans.factory.support.DefaultSingletonBeanRegistry 225 getSingleton - Creating shared instance of singleton bean 'userServiceImpl'
2023-07-12 at 15:26:40 CST DEBUG org.springframework.beans.factory.support.DefaultSingletonBeanRegistry 225 getSingleton - Creating shared instance of singleton bean 'userRedisDaoImpl'
2023-07-12 at 15:26:40 CST DEBUG org.springframework.beans.factory.support.ConstructorResolver 801 createArgumentArray - Autowiring by type from bean name 'userController' via constructor to bean named 'userServiceImpl'
2023-07-12 at 15:26:40 CST DEBUG org.springframework.beans.factory.support.DefaultSingletonBeanRegistry 225 getSingleton - Creating shared instance of singleton bean 'userDaoImpl'
2023-07-12 at 15:37:14 CST DEBUG org.springframework.context.support.AbstractApplicationContext 630 prepareRefresh - Refreshing org.springframework.context.support.ClassPathXmlApplicationContext@7ac296f6
2023-07-12 at 15:37:14 CST DEBUG org.springframework.context.annotation.ClassPathScanningCandidateComponentProvider 440 scanCandidateComponents - Identified candidate component class: file [/Users/qingyuan/Library/Mobile Documents/com~apple~CloudDocs/code/spring6/spring-ioc-annotation/target/classes/com/DEAiFISH/autowired/controller/UserController.class]
2023-07-12 at 15:37:14 CST DEBUG org.springframework.context.annotation.ClassPathScanningCandidateComponentProvider 440 scanCandidateComponents - Identified candidate component class: file [/Users/qingyuan/Library/Mobile Documents/com~apple~CloudDocs/code/spring6/spring-ioc-annotation/target/classes/com/DEAiFISH/autowired/dao/UserDaoImpl.class]
2023-07-12 at 15:37:14 CST DEBUG org.springframework.context.annotation.ClassPathScanningCandidateComponentProvider 440 scanCandidateComponents - Identified candidate component class: file [/Users/qingyuan/Library/Mobile Documents/com~apple~CloudDocs/code/spring6/spring-ioc-annotation/target/classes/com/DEAiFISH/autowired/dao/UserRedisDaoImpl.class]
2023-07-12 at 15:37:14 CST DEBUG org.springframework.context.annotation.ClassPathScanningCandidateComponentProvider 440 scanCandidateComponents - Identified candidate component class: file [/Users/qingyuan/Library/Mobile Documents/com~apple~CloudDocs/code/spring6/spring-ioc-annotation/target/classes/com/DEAiFISH/autowired/service/UserServiceImpl.class]
2023-07-12 at 15:37:14 CST DEBUG org.springframework.beans.factory.xml.XmlBeanDefinitionReader 393 doLoadBeanDefinitions - Loaded 9 bean definitions from class path resource [bean.xml]
2023-07-12 at 15:37:14 CST DEBUG org.springframework.beans.factory.support.DefaultSingletonBeanRegistry 225 getSingleton - Creating shared instance of singleton bean 'org.springframework.context.annotation.internalConfigurationAnnotationProcessor'
2023-07-12 at 15:37:14 CST DEBUG org.springframework.beans.factory.support.DefaultSingletonBeanRegistry 225 getSingleton - Creating shared instance of singleton bean 'org.springframework.context.event.internalEventListenerProcessor'
2023-07-12 at 15:37:14 CST DEBUG org.springframework.beans.factory.support.DefaultSingletonBeanRegistry 225 getSingleton - Creating shared instance of singleton bean 'org.springframework.context.event.internalEventListenerFactory'
2023-07-12 at 15:37:14 CST DEBUG org.springframework.beans.factory.support.DefaultSingletonBeanRegistry 225 getSingleton - Creating shared instance of singleton bean 'org.springframework.context.annotation.internalAutowiredAnnotationProcessor'
2023-07-12 at 15:37:14 CST DEBUG org.springframework.beans.factory.support.DefaultSingletonBeanRegistry 225 getSingleton - Creating shared instance of singleton bean 'org.springframework.context.annotation.internalCommonAnnotationProcessor'
2023-07-12 at 15:37:14 CST DEBUG org.springframework.beans.factory.support.DefaultSingletonBeanRegistry 225 getSingleton - Creating shared instance of singleton bean 'userController'
2023-07-12 at 15:37:14 CST WARN  org.springframework.core.LocalVariableTableParameterNameDiscoverer 123 inspectClass - Using deprecated '-debug' fallback for parameter name resolution. Compile the affected code with '-parameters' instead or avoid its introspection: com.DEAiFISH.autowired.controller.UserController
2023-07-12 at 15:37:14 CST DEBUG org.springframework.beans.factory.support.DefaultSingletonBeanRegistry 225 getSingleton - Creating shared instance of singleton bean 'userServiceImpl'
2023-07-12 at 15:37:14 CST DEBUG org.springframework.beans.factory.support.DefaultSingletonBeanRegistry 225 getSingleton - Creating shared instance of singleton bean 'userRedisDaoImpl'
2023-07-12 at 15:37:14 CST DEBUG org.springframework.beans.factory.support.ConstructorResolver 801 createArgumentArray - Autowiring by type from bean name 'userController' via constructor to bean named 'userServiceImpl'
2023-07-12 at 15:37:14 CST DEBUG org.springframework.beans.factory.support.DefaultSingletonBeanRegistry 225 getSingleton - Creating shared instance of singleton bean 'userDaoImpl'
2023-07-12 at 15:37:38 CST DEBUG org.springframework.context.support.AbstractApplicationContext 630 prepareRefresh - Refreshing org.springframework.context.support.ClassPathXmlApplicationContext@7ac296f6
2023-07-12 at 15:37:38 CST DEBUG org.springframework.context.annotation.ClassPathScanningCandidateComponentProvider 440 scanCandidateComponents - Identified candidate component class: file [/Users/qingyuan/Library/Mobile Documents/com~apple~CloudDocs/code/spring6/spring-ioc-annotation/target/classes/com/DEAiFISH/autowired/controller/UserController.class]
2023-07-12 at 15:37:38 CST DEBUG org.springframework.context.annotation.ClassPathScanningCandidateComponentProvider 440 scanCandidateComponents - Identified candidate component class: file [/Users/qingyuan/Library/Mobile Documents/com~apple~CloudDocs/code/spring6/spring-ioc-annotation/target/classes/com/DEAiFISH/autowired/dao/UserDaoImpl.class]
2023-07-12 at 15:37:38 CST DEBUG org.springframework.context.annotation.ClassPathScanningCandidateComponentProvider 440 scanCandidateComponents - Identified candidate component class: file [/Users/qingyuan/Library/Mobile Documents/com~apple~CloudDocs/code/spring6/spring-ioc-annotation/target/classes/com/DEAiFISH/autowired/dao/UserRedisDaoImpl.class]
2023-07-12 at 15:37:38 CST DEBUG org.springframework.context.annotation.ClassPathScanningCandidateComponentProvider 440 scanCandidateComponents - Identified candidate component class: file [/Users/qingyuan/Library/Mobile Documents/com~apple~CloudDocs/code/spring6/spring-ioc-annotation/target/classes/com/DEAiFISH/autowired/service/UserServiceImpl.class]
2023-07-12 at 15:37:38 CST DEBUG org.springframework.context.annotation.ClassPathScanningCandidateComponentProvider 440 scanCandidateComponents - Identified candidate component class: file [/Users/qingyuan/Library/Mobile Documents/com~apple~CloudDocs/code/spring6/spring-ioc-annotation/target/classes/com/DEAiFISH/bean/User.class]
2023-07-12 at 15:37:38 CST DEBUG org.springframework.context.annotation.ClassPathScanningCandidateComponentProvider 440 scanCandidateComponents - Identified candidate component class: file [/Users/qingyuan/Library/Mobile Documents/com~apple~CloudDocs/code/spring6/spring-ioc-annotation/target/classes/com/DEAiFISH/resource/controller/UserController.class]
2023-07-12 at 15:37:38 CST DEBUG org.springframework.context.annotation.ClassPathScanningCandidateComponentProvider 440 scanCandidateComponents - Identified candidate component class: file [/Users/qingyuan/Library/Mobile Documents/com~apple~CloudDocs/code/spring6/spring-ioc-annotation/target/classes/com/DEAiFISH/resource/dao/UserDaoImpl.class]
2023-07-12 at 15:37:38 CST DEBUG org.springframework.context.annotation.ClassPathScanningCandidateComponentProvider 440 scanCandidateComponents - Identified candidate component class: file [/Users/qingyuan/Library/Mobile Documents/com~apple~CloudDocs/code/spring6/spring-ioc-annotation/target/classes/com/DEAiFISH/resource/dao/UserRedisDaoImpl.class]
2023-07-12 at 15:37:38 CST DEBUG org.springframework.context.annotation.ClassPathScanningCandidateComponentProvider 440 scanCandidateComponents - Identified candidate component class: file [/Users/qingyuan/Library/Mobile Documents/com~apple~CloudDocs/code/spring6/spring-ioc-annotation/target/classes/com/DEAiFISH/resource/service/UserServiceImpl.class]
2023-07-12 at 15:39:16 CST DEBUG org.springframework.context.support.AbstractApplicationContext 630 prepareRefresh - Refreshing org.springframework.context.support.ClassPathXmlApplicationContext@7ac296f6
2023-07-12 at 15:39:16 CST DEBUG org.springframework.context.annotation.ClassPathScanningCandidateComponentProvider 440 scanCandidateComponents - Identified candidate component class: file [/Users/qingyuan/Library/Mobile Documents/com~apple~CloudDocs/code/spring6/spring-ioc-annotation/target/classes/com/DEAiFISH/autowired/controller/UserController.class]
2023-07-12 at 15:39:16 CST DEBUG org.springframework.context.annotation.ClassPathScanningCandidateComponentProvider 440 scanCandidateComponents - Identified candidate component class: file [/Users/qingyuan/Library/Mobile Documents/com~apple~CloudDocs/code/spring6/spring-ioc-annotation/target/classes/com/DEAiFISH/autowired/dao/UserDaoImpl.class]
2023-07-12 at 15:39:16 CST DEBUG org.springframework.context.annotation.ClassPathScanningCandidateComponentProvider 440 scanCandidateComponents - Identified candidate component class: file [/Users/qingyuan/Library/Mobile Documents/com~apple~CloudDocs/code/spring6/spring-ioc-annotation/target/classes/com/DEAiFISH/autowired/dao/UserRedisDaoImpl.class]
2023-07-12 at 15:39:16 CST DEBUG org.springframework.context.annotation.ClassPathScanningCandidateComponentProvider 440 scanCandidateComponents - Identified candidate component class: file [/Users/qingyuan/Library/Mobile Documents/com~apple~CloudDocs/code/spring6/spring-ioc-annotation/target/classes/com/DEAiFISH/autowired/service/UserServiceImpl.class]
2023-07-12 at 15:39:16 CST DEBUG org.springframework.context.annotation.ClassPathScanningCandidateComponentProvider 440 scanCandidateComponents - Identified candidate component class: file [/Users/qingyuan/Library/Mobile Documents/com~apple~CloudDocs/code/spring6/spring-ioc-annotation/target/classes/com/DEAiFISH/bean/User.class]
2023-07-12 at 15:39:16 CST DEBUG org.springframework.context.annotation.ClassPathScanningCandidateComponentProvider 440 scanCandidateComponents - Identified candidate component class: file [/Users/qingyuan/Library/Mobile Documents/com~apple~CloudDocs/code/spring6/spring-ioc-annotation/target/classes/com/DEAiFISH/resource/controller/UserController.class]
2023-07-12 at 15:39:16 CST DEBUG org.springframework.context.annotation.ClassPathScanningCandidateComponentProvider 440 scanCandidateComponents - Identified candidate component class: file [/Users/qingyuan/Library/Mobile Documents/com~apple~CloudDocs/code/spring6/spring-ioc-annotation/target/classes/com/DEAiFISH/resource/dao/UserDaoImpl.class]
2023-07-12 at 15:39:16 CST DEBUG org.springframework.context.annotation.ClassPathScanningCandidateComponentProvider 440 scanCandidateComponents - Identified candidate component class: file [/Users/qingyuan/Library/Mobile Documents/com~apple~CloudDocs/code/spring6/spring-ioc-annotation/target/classes/com/DEAiFISH/resource/dao/UserRedisDaoImpl.class]
2023-07-12 at 15:39:16 CST DEBUG org.springframework.context.annotation.ClassPathScanningCandidateComponentProvider 440 scanCandidateComponents - Identified candidate component class: file [/Users/qingyuan/Library/Mobile Documents/com~apple~CloudDocs/code/spring6/spring-ioc-annotation/target/classes/com/DEAiFISH/resource/service/UserServiceImpl.class]
2023-07-12 at 15:39:16 CST DEBUG org.springframework.beans.factory.xml.XmlBeanDefinitionReader 393 doLoadBeanDefinitions - Loaded 14 bean definitions from class path resource [bean.xml]
2023-07-12 at 15:39:16 CST DEBUG org.springframework.beans.factory.support.DefaultSingletonBeanRegistry 225 getSingleton - Creating shared instance of singleton bean 'org.springframework.context.annotation.internalConfigurationAnnotationProcessor'
2023-07-12 at 15:39:16 CST DEBUG org.springframework.beans.factory.support.DefaultSingletonBeanRegistry 225 getSingleton - Creating shared instance of singleton bean 'org.springframework.context.event.internalEventListenerProcessor'
2023-07-12 at 15:39:16 CST DEBUG org.springframework.beans.factory.support.DefaultSingletonBeanRegistry 225 getSingleton - Creating shared instance of singleton bean 'org.springframework.context.event.internalEventListenerFactory'
2023-07-12 at 15:39:16 CST DEBUG org.springframework.beans.factory.support.DefaultSingletonBeanRegistry 225 getSingleton - Creating shared instance of singleton bean 'org.springframework.context.annotation.internalAutowiredAnnotationProcessor'
2023-07-12 at 15:39:16 CST DEBUG org.springframework.beans.factory.support.DefaultSingletonBeanRegistry 225 getSingleton - Creating shared instance of singleton bean 'org.springframework.context.annotation.internalCommonAnnotationProcessor'
2023-07-12 at 15:39:16 CST DEBUG org.springframework.beans.factory.support.DefaultSingletonBeanRegistry 225 getSingleton - Creating shared instance of singleton bean 'userController'
2023-07-12 at 15:39:16 CST WARN  org.springframework.core.LocalVariableTableParameterNameDiscoverer 123 inspectClass - Using deprecated '-debug' fallback for parameter name resolution. Compile the affected code with '-parameters' instead or avoid its introspection: com.DEAiFISH.autowired.controller.UserController
2023-07-12 at 15:39:16 CST DEBUG org.springframework.beans.factory.support.DefaultSingletonBeanRegistry 225 getSingleton - Creating shared instance of singleton bean 'userServiceImpl'
2023-07-12 at 15:39:16 CST DEBUG org.springframework.beans.factory.support.DefaultSingletonBeanRegistry 225 getSingleton - Creating shared instance of singleton bean 'userRedisDaoImpl'
2023-07-12 at 15:39:16 CST DEBUG org.springframework.beans.factory.support.ConstructorResolver 801 createArgumentArray - Autowiring by type from bean name 'userController' via constructor to bean named 'userServiceImpl'
2023-07-12 at 15:39:16 CST DEBUG org.springframework.beans.factory.support.DefaultSingletonBeanRegistry 225 getSingleton - Creating shared instance of singleton bean 'userDaoImpl'
2023-07-12 at 15:39:16 CST DEBUG org.springframework.beans.factory.support.DefaultSingletonBeanRegistry 225 getSingleton - Creating shared instance of singleton bean 'user'
2023-07-12 at 15:39:16 CST DEBUG org.springframework.beans.factory.support.DefaultSingletonBeanRegistry 225 getSingleton - Creating shared instance of singleton bean 'myUserController'
2023-07-12 at 15:39:16 CST DEBUG org.springframework.beans.factory.support.DefaultSingletonBeanRegistry 225 getSingleton - Creating shared instance of singleton bean 'myUserService'
2023-07-12 at 15:39:16 CST DEBUG org.springframework.beans.factory.support.DefaultSingletonBeanRegistry 225 getSingleton - Creating shared instance of singleton bean 'myUserDao'
2023-07-12 at 15:39:16 CST DEBUG org.springframework.beans.factory.support.DefaultSingletonBeanRegistry 225 getSingleton - Creating shared instance of singleton bean 'myUserRedisDao'
2023-07-12 at 15:47:16 CST DEBUG org.springframework.context.support.AbstractApplicationContext 630 prepareRefresh - Refreshing org.springframework.context.annotation.AnnotationConfigApplicationContext@a8ef162
2023-07-12 at 15:47:16 CST DEBUG org.springframework.beans.factory.support.DefaultSingletonBeanRegistry 225 getSingleton - Creating shared instance of singleton bean 'org.springframework.context.annotation.internalConfigurationAnnotationProcessor'
2023-07-12 at 15:47:16 CST DEBUG org.springframework.context.annotation.ClassPathScanningCandidateComponentProvider 440 scanCandidateComponents - Identified candidate component class: file [/Users/qingyuan/Library/Mobile Documents/com~apple~CloudDocs/code/spring6/spring-ioc-annotation/target/classes/com/DEAiFISH/autowired/controller/UserController.class]
2023-07-12 at 15:47:16 CST DEBUG org.springframework.context.annotation.ClassPathScanningCandidateComponentProvider 440 scanCandidateComponents - Identified candidate component class: file [/Users/qingyuan/Library/Mobile Documents/com~apple~CloudDocs/code/spring6/spring-ioc-annotation/target/classes/com/DEAiFISH/autowired/dao/UserDaoImpl.class]
2023-07-12 at 15:47:16 CST DEBUG org.springframework.context.annotation.ClassPathScanningCandidateComponentProvider 440 scanCandidateComponents - Identified candidate component class: file [/Users/qingyuan/Library/Mobile Documents/com~apple~CloudDocs/code/spring6/spring-ioc-annotation/target/classes/com/DEAiFISH/autowired/dao/UserRedisDaoImpl.class]
2023-07-12 at 15:47:16 CST DEBUG org.springframework.context.annotation.ClassPathScanningCandidateComponentProvider 440 scanCandidateComponents - Identified candidate component class: file [/Users/qingyuan/Library/Mobile Documents/com~apple~CloudDocs/code/spring6/spring-ioc-annotation/target/classes/com/DEAiFISH/autowired/service/UserServiceImpl.class]
2023-07-12 at 15:47:16 CST DEBUG org.springframework.context.annotation.ClassPathScanningCandidateComponentProvider 440 scanCandidateComponents - Identified candidate component class: file [/Users/qingyuan/Library/Mobile Documents/com~apple~CloudDocs/code/spring6/spring-ioc-annotation/target/classes/com/DEAiFISH/bean/User.class]
2023-07-12 at 15:47:16 CST DEBUG org.springframework.context.annotation.ClassPathScanningCandidateComponentProvider 440 scanCandidateComponents - Identified candidate component class: file [/Users/qingyuan/Library/Mobile Documents/com~apple~CloudDocs/code/spring6/spring-ioc-annotation/target/classes/com/DEAiFISH/resource/controller/UserController.class]
2023-07-12 at 15:47:16 CST DEBUG org.springframework.context.annotation.ClassPathScanningCandidateComponentProvider 440 scanCandidateComponents - Identified candidate component class: file [/Users/qingyuan/Library/Mobile Documents/com~apple~CloudDocs/code/spring6/spring-ioc-annotation/target/classes/com/DEAiFISH/resource/dao/UserDaoImpl.class]
2023-07-12 at 15:47:16 CST DEBUG org.springframework.context.annotation.ClassPathScanningCandidateComponentProvider 440 scanCandidateComponents - Identified candidate component class: file [/Users/qingyuan/Library/Mobile Documents/com~apple~CloudDocs/code/spring6/spring-ioc-annotation/target/classes/com/DEAiFISH/resource/dao/UserRedisDaoImpl.class]
2023-07-12 at 15:47:16 CST DEBUG org.springframework.context.annotation.ClassPathScanningCandidateComponentProvider 440 scanCandidateComponents - Identified candidate component class: file [/Users/qingyuan/Library/Mobile Documents/com~apple~CloudDocs/code/spring6/spring-ioc-annotation/target/classes/com/DEAiFISH/resource/service/UserServiceImpl.class]
2023-07-12 at 15:47:16 CST DEBUG org.springframework.beans.factory.support.DefaultSingletonBeanRegistry 225 getSingleton - Creating shared instance of singleton bean 'org.springframework.context.event.internalEventListenerProcessor'
2023-07-12 at 15:47:16 CST DEBUG org.springframework.beans.factory.support.DefaultSingletonBeanRegistry 225 getSingleton - Creating shared instance of singleton bean 'org.springframework.context.event.internalEventListenerFactory'
2023-07-12 at 15:47:16 CST DEBUG org.springframework.beans.factory.support.DefaultSingletonBeanRegistry 225 getSingleton - Creating shared instance of singleton bean 'org.springframework.context.annotation.internalAutowiredAnnotationProcessor'
2023-07-12 at 15:47:16 CST DEBUG org.springframework.beans.factory.support.DefaultSingletonBeanRegistry 225 getSingleton - Creating shared instance of singleton bean 'org.springframework.context.annotation.internalCommonAnnotationProcessor'
2023-07-12 at 15:47:16 CST DEBUG org.springframework.beans.factory.support.DefaultSingletonBeanRegistry 225 getSingleton - Creating shared instance of singleton bean 'springConfig'
2023-07-12 at 15:47:16 CST DEBUG org.springframework.beans.factory.support.DefaultSingletonBeanRegistry 225 getSingleton - Creating shared instance of singleton bean 'userController'
2023-07-12 at 15:47:16 CST WARN  org.springframework.core.LocalVariableTableParameterNameDiscoverer 123 inspectClass - Using deprecated '-debug' fallback for parameter name resolution. Compile the affected code with '-parameters' instead or avoid its introspection: com.DEAiFISH.autowired.controller.UserController
2023-07-12 at 15:47:16 CST DEBUG org.springframework.beans.factory.support.DefaultSingletonBeanRegistry 225 getSingleton - Creating shared instance of singleton bean 'userServiceImpl'
2023-07-12 at 15:47:16 CST DEBUG org.springframework.beans.factory.support.DefaultSingletonBeanRegistry 225 getSingleton - Creating shared instance of singleton bean 'userRedisDaoImpl'
2023-07-12 at 15:47:16 CST DEBUG org.springframework.beans.factory.support.ConstructorResolver 801 createArgumentArray - Autowiring by type from bean name 'userController' via constructor to bean named 'userServiceImpl'
2023-07-12 at 15:47:16 CST DEBUG org.springframework.beans.factory.support.DefaultSingletonBeanRegistry 225 getSingleton - Creating shared instance of singleton bean 'userDaoImpl'
2023-07-12 at 15:47:16 CST DEBUG org.springframework.beans.factory.support.DefaultSingletonBeanRegistry 225 getSingleton - Creating shared instance of singleton bean 'user'
2023-07-12 at 15:47:16 CST DEBUG org.springframework.beans.factory.support.DefaultSingletonBeanRegistry 225 getSingleton - Creating shared instance of singleton bean 'myUserController'
2023-07-12 at 15:47:16 CST DEBUG org.springframework.beans.factory.support.DefaultSingletonBeanRegistry 225 getSingleton - Creating shared instance of singleton bean 'myUserService'
2023-07-12 at 15:47:16 CST DEBUG org.springframework.beans.factory.support.DefaultSingletonBeanRegistry 225 getSingleton - Creating shared instance of singleton bean 'myUserDao'
2023-07-12 at 15:47:16 CST DEBUG org.springframework.beans.factory.support.DefaultSingletonBeanRegistry 225 getSingleton - Creating shared instance of singleton bean 'myUserRedisDao'
